<?xml version="1.0" encoding="UTF-8"?>
<!-- Generated by org.testng.reporters.JUnitReportReporter -->
<testsuite skipped="0" hostname="WINDELL-6TMRLLH" name="de.check24.PageObjectDataDriven.LoginPageTest" tests="2" failures="0" timestamp="30 Sep 2018 16:00:27 GMT" time="10.172" errors="0">
  <testcase name="loginTest" time="4.935" classname="de.check24.PageObjectDataDriven.LoginPageTest"/>
  <testcase name="loginTest" time="5.237" classname="de.check24.PageObjectDataDriven.LoginPageTest"/>
</testsuite> <!-- de.check24.PageObjectDataDriven.LoginPageTest -->
